<?xml version="1.0" encoding="UTF-8"?>
<testsuite xmlns:xsi="http://www.w3.org/2001/XMLSchema-instance" xsi:noNamespaceSchemaLocation="https://maven.apache.org/surefire/maven-surefire-plugin/xsd/surefire-test-report.xsd" name="com.test.MultiTest" time="12.529" tests="2" errors="0" skipped="0" failures="2">
  <properties>
[...]
</properties>
  <testcase name="SelectDropDown" classname="com.test.MultiTest" time="0.05">
    <failure message="no such element: Unable to locate element: {&quot;method&quot;:&quot;css selector&quot;,&quot;selector&quot;:&quot;#searchDropdownBox&quot;}&#10;  (Session info: chrome=137.0.7151.120)&#10;For documentation on this error, please visit: https://www.selenium.dev/documentation/webdriver/troubleshooting/errors#no-such-element-exception&#10;Build info: version: &apos;4.33.0&apos;, revision: &apos;2c6aaad03a&apos;&#10;System info: os.name: &apos;Mac OS X&apos;, os.arch: &apos;aarch64&apos;, os.version: &apos;15.5&apos;, java.version: &apos;17.0.12&apos;&#10;Driver info: org.openqa.selenium.chrome.ChromeDriver&#10;Command: [bb1056c5bf0b0e585f6da70da67a4aa0, findElement {using=id, value=searchDropdownBox}]&#10;Capabilities {acceptInsecureCerts: false, browserName: chrome, browserVersion: 137.0.7151.120, chrome: {chromedriverVersion: 137.0.7151.119 (e0ac9d12dff..., userDataDir: /var/folders/nl/xtf9w0w16gb...}, fedcm:accounts: true, goog:chromeOptions: {debuggerAddress: localhost:51294}, networkConnectionEnabled: false, pageLoadStrategy: normal, platformName: mac, proxy: Proxy(), se:cdp: ws://localhost:51294/devtoo..., se:cdpVersion: 137.0.7151.120, setWindowRect: true, strictFileInteractability: false, timeouts: {implicit: 0, pageLoad: 300000, script: 30000}, unhandledPromptBehavior: dismiss and notify, webauthn:extension:credBlob: true, webauthn:extension:largeBlob: true, webauthn:extension:minPinLength: true, webauthn:extension:prf: true, webauthn:virtualAuthenticators: true}&#10;Session ID: bb1056c5bf0b0e585f6da70da67a4aa0" type="org.openqa.selenium.NoSuchElementException">org.openqa.selenium.NoSuchElementException: 
no such element: Unable to locate element: {"method":"css selector","selector":"#searchDropdownBox"}
  (Session info: chrome=137.0.7151.120)
For documentation on this error, please visit: https://www.selenium.dev/documentation/webdriver/troubleshooting/errors#no-such-element-exception
Build info: version: '4.33.0', revision: '2c6aaad03a'
System info: os.name: 'Mac OS X', os.arch: 'aarch64', os.version: '15.5', java.version: '17.0.12'
Driver info: org.openqa.selenium.chrome.ChromeDriver
Command: [bb1056c5bf0b0e585f6da70da67a4aa0, findElement {using=id, value=searchDropdownBox}]
Capabilities {acceptInsecureCerts: false, browserName: chrome, browserVersion: 137.0.7151.120, chrome: {chromedriverVersion: 137.0.7151.119 (e0ac9d12dff..., userDataDir: /var/folders/nl/xtf9w0w16gb...}, fedcm:accounts: true, goog:chromeOptions: {debuggerAddress: localhost:51294}, networkConnectionEnabled: false, pageLoadStrategy: normal, platformName: mac, proxy: Proxy(), se:cdp: ws://localhost:51294/devtoo..., se:cdpVersion: 137.0.7151.120, setWindowRect: true, strictFileInteractability: false, timeouts: {implicit: 0, pageLoad: 300000, script: 30000}, unhandledPromptBehavior: dismiss and notify, webauthn:extension:credBlob: true, webauthn:extension:largeBlob: true, webauthn:extension:minPinLength: true, webauthn:extension:prf: true, webauthn:virtualAuthenticators: true}
Session ID: bb1056c5bf0b0e585f6da70da67a4aa0
	at com.test.MultiTest.SelectDropDown(MultiTest.java:44)
</failure>
    <system-out><![CDATA[Amazon.com
]]></system-out>
    <system-err><![CDATA[SLF4J: Failed to load class "org.slf4j.impl.StaticLoggerBinder".
SLF4J: Defaulting to no-operation (NOP) logger implementation
SLF4J: See http://www.slf4j.org/codes.html#StaticLoggerBinder for further details.
]]></system-err>
  </testcase>
  <testcase name="AdvanceDropDown" classname="com.test.MultiTest" time="0.011">
    <failure message="no such element: Unable to locate element: {&quot;method&quot;:&quot;css selector&quot;,&quot;selector&quot;:&quot;#searchDropdownBox&quot;}&#10;  (Session info: chrome=137.0.7151.120)&#10;For documentation on this error, please visit: https://www.selenium.dev/documentation/webdriver/troubleshooting/errors#no-such-element-exception&#10;Build info: version: &apos;4.33.0&apos;, revision: &apos;2c6aaad03a&apos;&#10;System info: os.name: &apos;Mac OS X&apos;, os.arch: &apos;aarch64&apos;, os.version: &apos;15.5&apos;, java.version: &apos;17.0.12&apos;&#10;Driver info: org.openqa.selenium.chrome.ChromeDriver&#10;Command: [bb1056c5bf0b0e585f6da70da67a4aa0, findElement {using=id, value=searchDropdownBox}]&#10;Capabilities {acceptInsecureCerts: false, browserName: chrome, browserVersion: 137.0.7151.120, chrome: {chromedriverVersion: 137.0.7151.119 (e0ac9d12dff..., userDataDir: /var/folders/nl/xtf9w0w16gb...}, fedcm:accounts: true, goog:chromeOptions: {debuggerAddress: localhost:51294}, networkConnectionEnabled: false, pageLoadStrategy: normal, platformName: mac, proxy: Proxy(), se:cdp: ws://localhost:51294/devtoo..., se:cdpVersion: 137.0.7151.120, setWindowRect: true, strictFileInteractability: false, timeouts: {implicit: 0, pageLoad: 300000, script: 30000}, unhandledPromptBehavior: dismiss and notify, webauthn:extension:credBlob: true, webauthn:extension:largeBlob: true, webauthn:extension:minPinLength: true, webauthn:extension:prf: true, webauthn:virtualAuthenticators: true}&#10;Session ID: bb1056c5bf0b0e585f6da70da67a4aa0" type="org.openqa.selenium.NoSuchElementException">org.openqa.selenium.NoSuchElementException: 
no such element: Unable to locate element: {"method":"css selector","selector":"#searchDropdownBox"}
  (Session info: chrome=137.0.7151.120)
For documentation on this error, please visit: https://www.selenium.dev/documentation/webdriver/troubleshooting/errors#no-such-element-exception
Build info: version: '4.33.0', revision: '2c6aaad03a'
System info: os.name: 'Mac OS X', os.arch: 'aarch64', os.version: '15.5', java.version: '17.0.12'
Driver info: org.openqa.selenium.chrome.ChromeDriver
Command: [bb1056c5bf0b0e585f6da70da67a4aa0, findElement {using=id, value=searchDropdownBox}]
Capabilities {acceptInsecureCerts: false, browserName: chrome, browserVersion: 137.0.7151.120, chrome: {chromedriverVersion: 137.0.7151.119 (e0ac9d12dff..., userDataDir: /var/folders/nl/xtf9w0w16gb...}, fedcm:accounts: true, goog:chromeOptions: {debuggerAddress: localhost:51294}, networkConnectionEnabled: false, pageLoadStrategy: normal, platformName: mac, proxy: Proxy(), se:cdp: ws://localhost:51294/devtoo..., se:cdpVersion: 137.0.7151.120, setWindowRect: true, strictFileInteractability: false, timeouts: {implicit: 0, pageLoad: 300000, script: 30000}, unhandledPromptBehavior: dismiss and notify, webauthn:extension:credBlob: true, webauthn:extension:largeBlob: true, webauthn:extension:minPinLength: true, webauthn:extension:prf: true, webauthn:virtualAuthenticators: true}
Session ID: bb1056c5bf0b0e585f6da70da67a4aa0
	at com.test.MultiTest.AdvanceDropDown(MultiTest.java:58)
</failure>
  </testcase>
</testsuite>