<?xml version="1.0" encoding="UTF-8"?>
<testng-results ignored="0" total="2" passed="2" failed="0" skipped="0">
  <reporter-output>
  </reporter-output>
  <suite started-at="2025-06-23T19:49:52 IST" name="Default suite" finished-at="2025-06-23T19:50:32 IST" duration-ms="40384">
    <groups>
    </groups>
    <test started-at="2025-06-23T19:49:52 IST" name="Default test" finished-at="2025-06-23T19:50:32 IST" duration-ms="40384">
      <class name="com.test2.Multitest2">
        <test-method is-config="true" signature="firstthing()[pri:0, instance:com.test2.Multitest2@175c2241]" started-at="2025-06-23T19:49:52 IST" name="firstthing" finished-at="2025-06-23T19:50:02 IST" duration-ms="10081" status="PASS">
          <reporter-output>
          </reporter-output>
        </test-method> <!-- firstthing -->
        <test-method signature="SelectIndia()[pri:1, instance:com.test2.Multitest2@175c2241]" started-at="2025-06-23T19:50:02 IST" name="SelectIndia" finished-at="2025-06-23T19:50:29 IST" duration-ms="27146" status="PASS">
          <reporter-output>
          </reporter-output>
        </test-method> <!-- SelectIndia -->
        <test-method signature="FillForm()[pri:2, instance:com.test2.Multitest2@175c2241]" started-at="2025-06-23T19:50:29 IST" name="FillForm" finished-at="2025-06-23T19:50:32 IST" duration-ms="2994" status="PASS">
          <reporter-output>
          </reporter-output>
        </test-method> <!-- FillForm -->
        <test-method is-config="true" signature="CleanUp()[pri:0, instance:com.test2.Multitest2@175c2241]" started-at="2025-06-23T19:50:32 IST" name="CleanUp" finished-at="2025-06-23T19:50:32 IST" duration-ms="109" status="PASS">
          <reporter-output>
          </reporter-output>
        </test-method> <!-- CleanUp -->
      </class> <!-- com.test2.Multitest2 -->
    </test> <!-- Default test -->
  </suite> <!-- Default suite -->
</testng-results>
